INFO:root:start
INFO:root:Menu shown
INFO:root:Fetcher started
Gtk-Message: GtkDialog mapped without a transient parent. This is discouraged.
Traceback (most recent call last):
  File "/usr/bin/indicator-sysmonitor", line 196, in on_exit
    def on_exit(self, event=None, data=None):
KeyboardInterrupt
Traceback (most recent call last):
  File "/usr/bin/indicator-sysmonitor", line 196, in on_exit
    def on_exit(self, event=None, data=None):
KeyboardInterrupt
INFO:root:Fetcher started
INFO:root:Terminated
INFO:root:start
INFO:root:Menu shown
INFO:root:Fetcher started
INFO:root:Terminated
INFO:root:start
INFO:root:Menu shown
INFO:root:Fetcher started
